<?xml version="1.0" encoding="UTF-8"?>
<coverage generated="1649065050255" clover="3.2.0">
  <project timestamp="1649065050255" name="All files">
    <metrics statements="45" coveredstatements="40" conditionals="10" coveredconditionals="7" methods="14" coveredmethods="14" elements="69" coveredelements="61" complexity="0" loc="45" ncloc="45" packages="1" files="3" classes="3"/>
    <file name="Game.ts" path="/Users/Pablo/Documents/Lean Mind/Kata Cartas/src/Game.ts">
      <metrics statements="27" coveredstatements="22" conditionals="6" coveredconditionals="3" methods="8" coveredmethods="8"/>
      <line num="1" count="1" type="stmt"/>
      <line num="4" count="1" type="stmt"/>
      <line num="6" count="1" type="stmt"/>
      <line num="10" count="6" type="stmt"/>
      <line num="12" count="6" type="stmt"/>
      <line num="13" count="6" type="stmt"/>
      <line num="17" count="24" type="stmt"/>
      <line num="21" count="4" type="stmt"/>
      <line num="25" count="2" type="stmt"/>
      <line num="26" count="2" type="stmt"/>
      <line num="27" count="4" type="stmt"/>
      <line num="28" count="4" type="stmt"/>
      <line num="29" count="2" type="cond" truecount="0" falsecount="1"/>
      <line num="30" count="0" type="stmt"/>
      <line num="31" count="2" type="cond" truecount="1" falsecount="0"/>
      <line num="32" count="2" type="stmt"/>
      <line num="33" count="0" type="stmt"/>
      <line num="37" count="2" type="cond" truecount="0" falsecount="1"/>
      <line num="38" count="0" type="stmt"/>
      <line num="39" count="2" type="cond" truecount="1" falsecount="0"/>
      <line num="40" count="1" type="stmt"/>
      <line num="41" count="1" type="stmt"/>
      <line num="45" count="2" type="cond" truecount="0" falsecount="1"/>
      <line num="46" count="0" type="stmt"/>
      <line num="47" count="2" type="cond" truecount="1" falsecount="0"/>
      <line num="48" count="2" type="stmt"/>
      <line num="49" count="0" type="stmt"/>
    </file>
    <file name="Player.ts" path="/Users/Pablo/Documents/Lean Mind/Kata Cartas/src/Player.ts">
      <metrics statements="9" coveredstatements="9" conditionals="3" coveredconditionals="3" methods="4" coveredmethods="4"/>
      <line num="1" count="1" type="stmt"/>
      <line num="5" count="16" type="stmt"/>
      <line num="9" count="16" type="cond" truecount="3" falsecount="0"/>
      <line num="10" count="1" type="stmt"/>
      <line num="12" count="15" type="stmt"/>
      <line num="16" count="7" type="stmt"/>
      <line num="20" count="9" type="stmt"/>
      <line num="24" count="9" type="stmt"/>
      <line num="31" count="1" type="stmt"/>
    </file>
    <file name="cards.ts" path="/Users/Pablo/Documents/Lean Mind/Kata Cartas/src/cards.ts">
      <metrics statements="9" coveredstatements="9" conditionals="1" coveredconditionals="1" methods="2" coveredmethods="2"/>
      <line num="2" count="1" type="stmt"/>
      <line num="4" count="32" type="stmt"/>
      <line num="5" count="32" type="stmt"/>
      <line num="8" count="32" type="cond" truecount="1" falsecount="0"/>
      <line num="9" count="1" type="stmt"/>
      <line num="11" count="31" type="stmt"/>
      <line num="12" count="31" type="stmt"/>
      <line num="16" count="19" type="stmt"/>
      <line num="20" count="1" type="stmt"/>
    </file>
  </project>
</coverage>
