<?xml version="1.0" encoding="UTF-8"?>
<coverage generated="1649062356650" clover="3.2.0">
  <project timestamp="1649062356650" name="All files">
    <metrics statements="27" coveredstatements="25" conditionals="4" coveredconditionals="4" methods="11" coveredmethods="9" elements="42" coveredelements="38" complexity="0" loc="27" ncloc="27" packages="1" files="3" classes="3"/>
    <file name="Game.ts" path="/Users/Pablo/Documents/Lean Mind/Kata Cartas/src/Game.ts">
      <metrics statements="9" coveredstatements="7" conditionals="0" coveredconditionals="0" methods="5" coveredmethods="3"/>
      <line num="1" count="1" type="stmt"/>
      <line num="4" count="1" type="stmt"/>
      <line num="6" count="1" type="stmt"/>
      <line num="12" count="5" type="stmt"/>
      <line num="13" count="5" type="stmt"/>
      <line num="17" count="20" type="stmt"/>
      <line num="21" count="5" type="stmt"/>
      <line num="25" count="0" type="stmt"/>
      <line num="29" count="0" type="stmt"/>
    </file>
    <file name="Player.ts" path="/Users/Pablo/Documents/Lean Mind/Kata Cartas/src/Player.ts">
      <metrics statements="9" coveredstatements="9" conditionals="3" coveredconditionals="3" methods="4" coveredmethods="4"/>
      <line num="1" count="1" type="stmt"/>
      <line num="5" count="14" type="stmt"/>
      <line num="9" count="14" type="cond" truecount="3" falsecount="0"/>
      <line num="10" count="1" type="stmt"/>
      <line num="12" count="13" type="stmt"/>
      <line num="16" count="7" type="stmt"/>
      <line num="20" count="1" type="stmt"/>
      <line num="24" count="1" type="stmt"/>
      <line num="31" count="1" type="stmt"/>
    </file>
    <file name="cards.ts" path="/Users/Pablo/Documents/Lean Mind/Kata Cartas/src/cards.ts">
      <metrics statements="9" coveredstatements="9" conditionals="1" coveredconditionals="1" methods="2" coveredmethods="2"/>
      <line num="2" count="1" type="stmt"/>
      <line num="4" count="28" type="stmt"/>
      <line num="5" count="28" type="stmt"/>
      <line num="8" count="28" type="cond" truecount="1" falsecount="0"/>
      <line num="9" count="1" type="stmt"/>
      <line num="11" count="27" type="stmt"/>
      <line num="12" count="27" type="stmt"/>
      <line num="16" count="3" type="stmt"/>
      <line num="20" count="1" type="stmt"/>
    </file>
  </project>
</coverage>
