{"/Users/Pablo/Documents/Lean Mind/Kata Cartas/src/Game.ts": {"path":"/Users/Pablo/Documents/Lean Mind/Kata Cartas/src/Game.ts","statementMap":{"0":{"start":{"line":1,"column":0},"end":{"line":1,"column":30}},"1":{"start":{"line":4,"column":27},"end":{"line":4,"column":76}},"2":{"start":{"line":10,"column":19},"end":{"line":10,"column":48}},"3":{"start":{"line":12,"column":4},"end":{"line":12,"column":118}},"4":{"start":{"line":13,"column":4},"end":{"line":13,"column":118}},"5":{"start":{"line":17,"column":4},"end":{"line":17,"column":63}},"6":{"start":{"line":21,"column":4},"end":{"line":21,"column":null}},"7":{"start":{"line":25,"column":4},"end":{"line":25,"column":47}},"8":{"start":{"line":26,"column":4},"end":{"line":26,"column":47}},"9":{"start":{"line":27,"column":37},"end":{"line":27,"column":92}},"10":{"start":{"line":27,"column":68},"end":{"line":27,"column":84}},"11":{"start":{"line":28,"column":37},"end":{"line":28,"column":92}},"12":{"start":{"line":28,"column":68},"end":{"line":28,"column":84}},"13":{"start":{"line":29,"column":4},"end":{"line":30,"column":null}},"14":{"start":{"line":30,"column":6},"end":{"line":30,"column":null}},"15":{"start":{"line":31,"column":4},"end":{"line":32,"column":null}},"16":{"start":{"line":32,"column":6},"end":{"line":32,"column":null}},"17":{"start":{"line":33,"column":4},"end":{"line":33,"column":null}},"18":{"start":{"line":37,"column":4},"end":{"line":38,"column":null}},"19":{"start":{"line":38,"column":6},"end":{"line":38,"column":null}},"20":{"start":{"line":39,"column":4},"end":{"line":40,"column":23}},"21":{"start":{"line":40,"column":6},"end":{"line":40,"column":23}},"22":{"start":{"line":41,"column":4},"end":{"line":41,"column":null}},"23":{"start":{"line":45,"column":4},"end":{"line":46,"column":null}},"24":{"start":{"line":46,"column":6},"end":{"line":46,"column":null}},"25":{"start":{"line":47,"column":4},"end":{"line":48,"column":24}},"26":{"start":{"line":48,"column":6},"end":{"line":48,"column":24}},"27":{"start":{"line":49,"column":4},"end":{"line":49,"column":null}},"28":{"start":{"line":6,"column":0},"end":{"line":6,"column":21}}},"fnMap":{"0":{"name":"(anonymous_1)","decl":{"start":{"line":11,"column":2},"end":{"line":11,"column":null}},"loc":{"start":{"line":11,"column":2},"end":{"line":14,"column":3}}},"1":{"name":"(anonymous_2)","decl":{"start":{"line":16,"column":10},"end":{"line":16,"column":25}},"loc":{"start":{"line":16,"column":25},"end":{"line":18,"column":3}}},"2":{"name":"(anonymous_3)","decl":{"start":{"line":20,"column":2},"end":{"line":20,"column":12}},"loc":{"start":{"line":20,"column":12},"end":{"line":22,"column":3}}},"3":{"name":"(anonymous_4)","decl":{"start":{"line":24,"column":2},"end":{"line":24,"column":6}},"loc":{"start":{"line":24,"column":6},"end":{"line":34,"column":5}}},"4":{"name":"(anonymous_5)","decl":{"start":{"line":27,"column":63},"end":{"line":27,"column":64}},"loc":{"start":{"line":27,"column":68},"end":{"line":27,"column":84}}},"5":{"name":"(anonymous_6)","decl":{"start":{"line":28,"column":63},"end":{"line":28,"column":64}},"loc":{"start":{"line":28,"column":68},"end":{"line":28,"column":84}}},"6":{"name":"(anonymous_7)","decl":{"start":{"line":36,"column":2},"end":{"line":36,"column":12}},"loc":{"start":{"line":36,"column":12},"end":{"line":42,"column":3}}},"7":{"name":"(anonymous_8)","decl":{"start":{"line":44,"column":2},"end":{"line":44,"column":12}},"loc":{"start":{"line":44,"column":12},"end":{"line":50,"column":3}}}},"branchMap":{"0":{"loc":{"start":{"line":29,"column":4},"end":{"line":30,"column":null}},"type":"if","locations":[{"start":{"line":29,"column":4},"end":{"line":30,"column":null}}]},"1":{"loc":{"start":{"line":31,"column":4},"end":{"line":32,"column":null}},"type":"if","locations":[{"start":{"line":31,"column":4},"end":{"line":32,"column":null}}]},"2":{"loc":{"start":{"line":37,"column":4},"end":{"line":38,"column":null}},"type":"if","locations":[{"start":{"line":37,"column":4},"end":{"line":38,"column":null}}]},"3":{"loc":{"start":{"line":39,"column":4},"end":{"line":40,"column":23}},"type":"if","locations":[{"start":{"line":39,"column":4},"end":{"line":40,"column":23}}]},"4":{"loc":{"start":{"line":45,"column":4},"end":{"line":46,"column":null}},"type":"if","locations":[{"start":{"line":45,"column":4},"end":{"line":46,"column":null}}]},"5":{"loc":{"start":{"line":47,"column":4},"end":{"line":48,"column":24}},"type":"if","locations":[{"start":{"line":47,"column":4},"end":{"line":48,"column":24}}]}},"s":{"0":1,"1":1,"2":6,"3":6,"4":6,"5":24,"6":4,"7":2,"8":2,"9":2,"10":4,"11":2,"12":4,"13":2,"14":0,"15":2,"16":2,"17":0,"18":2,"19":0,"20":2,"21":1,"22":1,"23":2,"24":0,"25":2,"26":2,"27":0,"28":1},"f":{"0":6,"1":24,"2":4,"3":2,"4":4,"5":4,"6":2,"7":2},"b":{"0":[0],"1":[2],"2":[0],"3":[1],"4":[0],"5":[2]}}
,"/Users/Pablo/Documents/Lean Mind/Kata Cartas/src/Player.ts": {"path":"/Users/Pablo/Documents/Lean Mind/Kata Cartas/src/Player.ts","statementMap":{"0":{"start":{"line":1,"column":0},"end":{"line":1,"column":27}},"1":{"start":{"line":5,"column":19},"end":{"line":5,"column":38}},"2":{"start":{"line":9,"column":4},"end":{"line":11,"column":null}},"3":{"start":{"line":10,"column":6},"end":{"line":10,"column":53}},"4":{"start":{"line":12,"column":4},"end":{"line":12,"column":63}},"5":{"start":{"line":16,"column":4},"end":{"line":16,"column":23}},"6":{"start":{"line":20,"column":4},"end":{"line":20,"column":null}},"7":{"start":{"line":24,"column":4},"end":{"line":24,"column":26}},"8":{"start":{"line":31,"column":0},"end":{"line":31,"column":22}}},"fnMap":{"0":{"name":"(anonymous_1)","decl":{"start":{"line":8,"column":2},"end":{"line":8,"column":14}},"loc":{"start":{"line":8,"column":48},"end":{"line":13,"column":3}}},"1":{"name":"(anonymous_2)","decl":{"start":{"line":15,"column":2},"end":{"line":15,"column":10}},"loc":{"start":{"line":15,"column":10},"end":{"line":17,"column":3}}},"2":{"name":"(anonymous_3)","decl":{"start":{"line":19,"column":2},"end":{"line":19,"column":14}},"loc":{"start":{"line":19,"column":14},"end":{"line":21,"column":3}}},"3":{"name":"(anonymous_4)","decl":{"start":{"line":23,"column":2},"end":{"line":23,"column":15}},"loc":{"start":{"line":23,"column":15},"end":{"line":25,"column":3}}}},"branchMap":{"0":{"loc":{"start":{"line":9,"column":4},"end":{"line":11,"column":null}},"type":"if","locations":[{"start":{"line":9,"column":4},"end":{"line":11,"column":null}}]},"1":{"loc":{"start":{"line":9,"column":7},"end":{"line":9,"column":53}},"type":"binary-expr","locations":[{"start":{"line":9,"column":7},"end":{"line":9,"column":28}},{"start":{"line":9,"column":32},"end":{"line":9,"column":53}}]}},"s":{"0":1,"1":16,"2":16,"3":1,"4":15,"5":7,"6":9,"7":9,"8":1},"f":{"0":16,"1":7,"2":9,"3":9},"b":{"0":[1],"1":[16,15]}}
,"/Users/Pablo/Documents/Lean Mind/Kata Cartas/src/cards.ts": {"path":"/Users/Pablo/Documents/Lean Mind/Kata Cartas/src/cards.ts","statementMap":{"0":{"start":{"line":2,"column":52},"end":{"line":2,"column":128}},"1":{"start":{"line":4,"column":19},"end":{"line":4,"column":null}},"2":{"start":{"line":5,"column":19},"end":{"line":5,"column":36}},"3":{"start":{"line":8,"column":4},"end":{"line":10,"column":null}},"4":{"start":{"line":9,"column":6},"end":{"line":9,"column":null}},"5":{"start":{"line":11,"column":4},"end":{"line":11,"column":26}},"6":{"start":{"line":12,"column":4},"end":{"line":12,"column":48}},"7":{"start":{"line":16,"column":4},"end":{"line":16,"column":22}},"8":{"start":{"line":20,"column":0},"end":{"line":20,"column":20}}},"fnMap":{"0":{"name":"(anonymous_0)","decl":{"start":{"line":7,"column":2},"end":{"line":7,"column":14}},"loc":{"start":{"line":7,"column":29},"end":{"line":13,"column":3}}},"1":{"name":"(anonymous_1)","decl":{"start":{"line":15,"column":2},"end":{"line":15,"column":10}},"loc":{"start":{"line":15,"column":10},"end":{"line":17,"column":3}}}},"branchMap":{"0":{"loc":{"start":{"line":8,"column":4},"end":{"line":10,"column":null}},"type":"if","locations":[{"start":{"line":8,"column":4},"end":{"line":10,"column":null}}]}},"s":{"0":1,"1":32,"2":32,"3":32,"4":1,"5":31,"6":31,"7":19,"8":1},"f":{"0":32,"1":19},"b":{"0":[1]}}
}
