{"/Users/Pablo/Documents/Lean Mind/Kata Cartas/src/Game.ts": {"path":"/Users/Pablo/Documents/Lean Mind/Kata Cartas/src/Game.ts","statementMap":{"0":{"start":{"line":1,"column":0},"end":{"line":1,"column":30}},"1":{"start":{"line":4,"column":27},"end":{"line":4,"column":76}},"2":{"start":{"line":12,"column":4},"end":{"line":12,"column":118}},"3":{"start":{"line":13,"column":4},"end":{"line":13,"column":118}},"4":{"start":{"line":17,"column":4},"end":{"line":17,"column":63}},"5":{"start":{"line":21,"column":4},"end":{"line":21,"column":null}},"6":{"start":{"line":25,"column":4},"end":{"line":25,"column":47}},"7":{"start":{"line":29,"column":4},"end":{"line":29,"column":47}},"8":{"start":{"line":6,"column":0},"end":{"line":6,"column":21}}},"fnMap":{"0":{"name":"(anonymous_1)","decl":{"start":{"line":11,"column":2},"end":{"line":11,"column":null}},"loc":{"start":{"line":11,"column":2},"end":{"line":14,"column":3}}},"1":{"name":"(anonymous_2)","decl":{"start":{"line":16,"column":10},"end":{"line":16,"column":25}},"loc":{"start":{"line":16,"column":25},"end":{"line":18,"column":3}}},"2":{"name":"(anonymous_3)","decl":{"start":{"line":20,"column":2},"end":{"line":20,"column":12}},"loc":{"start":{"line":20,"column":12},"end":{"line":22,"column":3}}},"3":{"name":"(anonymous_4)","decl":{"start":{"line":24,"column":2},"end":{"line":24,"column":18}},"loc":{"start":{"line":24,"column":18},"end":{"line":26,"column":3}}},"4":{"name":"(anonymous_5)","decl":{"start":{"line":28,"column":2},"end":{"line":28,"column":6}},"loc":{"start":{"line":28,"column":6},"end":{"line":30,"column":3}}}},"branchMap":{},"s":{"0":1,"1":1,"2":5,"3":5,"4":20,"5":5,"6":0,"7":0,"8":1},"f":{"0":5,"1":20,"2":5,"3":0,"4":0},"b":{}}
,"/Users/Pablo/Documents/Lean Mind/Kata Cartas/src/Player.ts": {"path":"/Users/Pablo/Documents/Lean Mind/Kata Cartas/src/Player.ts","statementMap":{"0":{"start":{"line":1,"column":0},"end":{"line":1,"column":27}},"1":{"start":{"line":5,"column":19},"end":{"line":5,"column":38}},"2":{"start":{"line":9,"column":4},"end":{"line":11,"column":null}},"3":{"start":{"line":10,"column":6},"end":{"line":10,"column":53}},"4":{"start":{"line":12,"column":4},"end":{"line":12,"column":63}},"5":{"start":{"line":16,"column":4},"end":{"line":16,"column":23}},"6":{"start":{"line":20,"column":4},"end":{"line":20,"column":null}},"7":{"start":{"line":24,"column":4},"end":{"line":24,"column":26}},"8":{"start":{"line":31,"column":0},"end":{"line":31,"column":22}}},"fnMap":{"0":{"name":"(anonymous_1)","decl":{"start":{"line":8,"column":2},"end":{"line":8,"column":14}},"loc":{"start":{"line":8,"column":48},"end":{"line":13,"column":3}}},"1":{"name":"(anonymous_2)","decl":{"start":{"line":15,"column":2},"end":{"line":15,"column":10}},"loc":{"start":{"line":15,"column":10},"end":{"line":17,"column":3}}},"2":{"name":"(anonymous_3)","decl":{"start":{"line":19,"column":2},"end":{"line":19,"column":14}},"loc":{"start":{"line":19,"column":14},"end":{"line":21,"column":3}}},"3":{"name":"(anonymous_4)","decl":{"start":{"line":23,"column":2},"end":{"line":23,"column":15}},"loc":{"start":{"line":23,"column":15},"end":{"line":25,"column":3}}}},"branchMap":{"0":{"loc":{"start":{"line":9,"column":4},"end":{"line":11,"column":null}},"type":"if","locations":[{"start":{"line":9,"column":4},"end":{"line":11,"column":null}}]},"1":{"loc":{"start":{"line":9,"column":7},"end":{"line":9,"column":53}},"type":"binary-expr","locations":[{"start":{"line":9,"column":7},"end":{"line":9,"column":28}},{"start":{"line":9,"column":32},"end":{"line":9,"column":53}}]}},"s":{"0":1,"1":14,"2":14,"3":1,"4":13,"5":7,"6":1,"7":1,"8":1},"f":{"0":14,"1":7,"2":1,"3":1},"b":{"0":[1],"1":[14,13]}}
,"/Users/Pablo/Documents/Lean Mind/Kata Cartas/src/cards.ts": {"path":"/Users/Pablo/Documents/Lean Mind/Kata Cartas/src/cards.ts","statementMap":{"0":{"start":{"line":2,"column":52},"end":{"line":2,"column":128}},"1":{"start":{"line":4,"column":19},"end":{"line":4,"column":null}},"2":{"start":{"line":5,"column":19},"end":{"line":5,"column":36}},"3":{"start":{"line":8,"column":4},"end":{"line":10,"column":null}},"4":{"start":{"line":9,"column":6},"end":{"line":9,"column":null}},"5":{"start":{"line":11,"column":4},"end":{"line":11,"column":26}},"6":{"start":{"line":12,"column":4},"end":{"line":12,"column":48}},"7":{"start":{"line":16,"column":4},"end":{"line":16,"column":22}},"8":{"start":{"line":20,"column":0},"end":{"line":20,"column":20}}},"fnMap":{"0":{"name":"(anonymous_0)","decl":{"start":{"line":7,"column":2},"end":{"line":7,"column":14}},"loc":{"start":{"line":7,"column":29},"end":{"line":13,"column":3}}},"1":{"name":"(anonymous_1)","decl":{"start":{"line":15,"column":2},"end":{"line":15,"column":10}},"loc":{"start":{"line":15,"column":10},"end":{"line":17,"column":3}}}},"branchMap":{"0":{"loc":{"start":{"line":8,"column":4},"end":{"line":10,"column":null}},"type":"if","locations":[{"start":{"line":8,"column":4},"end":{"line":10,"column":null}}]}},"s":{"0":1,"1":28,"2":28,"3":28,"4":1,"5":27,"6":27,"7":3,"8":1},"f":{"0":28,"1":3},"b":{"0":[1]}}
}
