TN:
SF:src/Game.ts
FN:11,(anonymous_1)
FN:16,(anonymous_2)
FN:20,(anonymous_3)
FN:24,(anonymous_4)
FN:28,(anonymous_5)
FNF:5
FNH:3
FNDA:5,(anonymous_1)
FNDA:20,(anonymous_2)
FNDA:5,(anonymous_3)
FNDA:0,(anonymous_4)
FNDA:0,(anonymous_5)
DA:1,1
DA:4,1
DA:6,1
DA:12,5
DA:13,5
DA:17,20
DA:21,5
DA:25,0
DA:29,0
LF:9
LH:7
BRF:0
BRH:0
end_of_record
TN:
SF:src/Player.ts
FN:8,(anonymous_1)
FN:15,(anonymous_2)
FN:19,(anonymous_3)
FN:23,(anonymous_4)
FNF:4
FNH:4
FNDA:14,(anonymous_1)
FNDA:7,(anonymous_2)
FNDA:1,(anonymous_3)
FNDA:1,(anonymous_4)
DA:1,1
DA:5,14
DA:9,14
DA:10,1
DA:12,13
DA:16,7
DA:20,1
DA:24,1
DA:31,1
LF:9
LH:9
BRDA:9,0,0,1
BRDA:9,1,0,14
BRDA:9,1,1,13
BRF:3
BRH:3
end_of_record
TN:
SF:src/cards.ts
FN:7,(anonymous_0)
FN:15,(anonymous_1)
FNF:2
FNH:2
FNDA:28,(anonymous_0)
FNDA:3,(anonymous_1)
DA:2,1
DA:4,28
DA:5,28
DA:8,28
DA:9,1
DA:11,27
DA:12,27
DA:16,3
DA:20,1
LF:9
LH:9
BRDA:8,0,0,1
BRF:1
BRH:1
end_of_record
