TN:
SF:src/Game.ts
FN:11,(anonymous_1)
FN:16,(anonymous_2)
FN:20,(anonymous_3)
FN:24,(anonymous_4)
FN:27,(anonymous_5)
FN:28,(anonymous_6)
FN:36,(anonymous_7)
FN:44,(anonymous_8)
FNF:8
FNH:8
FNDA:6,(anonymous_1)
FNDA:24,(anonymous_2)
FNDA:4,(anonymous_3)
FNDA:2,(anonymous_4)
FNDA:4,(anonymous_5)
FNDA:4,(anonymous_6)
FNDA:2,(anonymous_7)
FNDA:2,(anonymous_8)
DA:1,1
DA:4,1
DA:6,1
DA:10,6
DA:12,6
DA:13,6
DA:17,24
DA:21,4
DA:25,2
DA:26,2
DA:27,4
DA:28,4
DA:29,2
DA:30,0
DA:31,2
DA:32,2
DA:33,0
DA:37,2
DA:38,0
DA:39,2
DA:40,1
DA:41,1
DA:45,2
DA:46,0
DA:47,2
DA:48,2
DA:49,0
LF:27
LH:22
BRDA:29,0,0,0
BRDA:31,1,0,2
BRDA:37,2,0,0
BRDA:39,3,0,1
BRDA:45,4,0,0
BRDA:47,5,0,2
BRF:6
BRH:3
end_of_record
TN:
SF:src/Player.ts
FN:8,(anonymous_1)
FN:15,(anonymous_2)
FN:19,(anonymous_3)
FN:23,(anonymous_4)
FNF:4
FNH:4
FNDA:16,(anonymous_1)
FNDA:7,(anonymous_2)
FNDA:9,(anonymous_3)
FNDA:9,(anonymous_4)
DA:1,1
DA:5,16
DA:9,16
DA:10,1
DA:12,15
DA:16,7
DA:20,9
DA:24,9
DA:31,1
LF:9
LH:9
BRDA:9,0,0,1
BRDA:9,1,0,16
BRDA:9,1,1,15
BRF:3
BRH:3
end_of_record
TN:
SF:src/cards.ts
FN:7,(anonymous_0)
FN:15,(anonymous_1)
FNF:2
FNH:2
FNDA:32,(anonymous_0)
FNDA:19,(anonymous_1)
DA:2,1
DA:4,32
DA:5,32
DA:8,32
DA:9,1
DA:11,31
DA:12,31
DA:16,19
DA:20,1
LF:9
LH:9
BRDA:8,0,0,1
BRF:1
BRH:1
end_of_record
